[debug] [2020-05-28T20:28:45.349Z] ----------------------------------------------------------------------
[debug] [2020-05-28T20:28:45.350Z] Command:       /Users/bsmerbeck/.nvm/versions/node/v14.3.0/bin/node /usr/local/bin/firebase emulators:start
[debug] [2020-05-28T20:28:45.350Z] CLI Version:   8.4.0
[debug] [2020-05-28T20:28:45.351Z] Platform:      darwin
[debug] [2020-05-28T20:28:45.351Z] Node Version:  v14.3.0
[debug] [2020-05-28T20:28:45.351Z] Time:          Thu May 28 2020 16:28:45 GMT-0400 (Eastern Daylight Time)
[debug] [2020-05-28T20:28:45.351Z] ----------------------------------------------------------------------
[debug] [2020-05-28T20:28:45.351Z] 
[debug] [2020-05-28T20:28:45.357Z] > command requires scopes: ["email","openid","https://www.googleapis.com/auth/cloudplatformprojects.readonly","https://www.googleapis.com/auth/firebase","https://www.googleapis.com/auth/cloud-platform"]
[debug] [2020-05-28T20:28:45.357Z] > authorizing via signed-in user
[info] i  emulators: Starting emulators: functions, database, hosting {"metadata":{"emulator":{"name":"hub"},"message":"Starting emulators: functions, database, hosting"}}
[warn] ⚠  emulators: It seems that you are running multiple instances of the emulator suite for project smash-tracker-f97b7. This may result in unexpected behavior. 
[debug] [2020-05-28T20:28:45.372Z] [hub] writing locator at /var/folders/fp/4525pddd1914f59bjtqqmf800000gn/T/hub-smash-tracker-f97b7.json
[info] ✔  functions: Using node@14 from host. {"metadata":{"emulator":{"name":"functions"},"message":"Using node@14 from host."}}
[debug] [2020-05-28T20:28:45.400Z] database rules config:  [{"rules":"database.rules.json"}]
[debug] [2020-05-28T20:28:45.403Z] Ignoring unsupported arg: projectId {"metadata":{"emulator":{"name":"database"},"message":"Ignoring unsupported arg: projectId"}}
[debug] [2020-05-28T20:28:45.404Z] Ignoring unsupported arg: auto_download {"metadata":{"emulator":{"name":"database"},"message":"Ignoring unsupported arg: auto_download"}}
[debug] [2020-05-28T20:28:45.404Z] Ignoring unsupported arg: rules {"metadata":{"emulator":{"name":"database"},"message":"Ignoring unsupported arg: rules"}}
[debug] [2020-05-28T20:28:45.404Z] Starting Database Emulator with command {"binary":"java","args":["-Duser.language=en","-jar","/Users/bsmerbeck/.cache/firebase/emulators/firebase-database-emulator-v4.5.0.jar","--host","localhost","--port",9000,"--functions_emulator_host","localhost","--functions_emulator_port",5001],"optionalArgs":["port","host","functions_emulator_port","functions_emulator_host"],"joinArgs":false} {"metadata":{"emulator":{"name":"database"},"message":"Starting Database Emulator with command {\"binary\":\"java\",\"args\":[\"-Duser.language=en\",\"-jar\",\"/Users/bsmerbeck/.cache/firebase/emulators/firebase-database-emulator-v4.5.0.jar\",\"--host\",\"localhost\",\"--port\",9000,\"--functions_emulator_host\",\"localhost\",\"--functions_emulator_port\",5001],\"optionalArgs\":[\"port\",\"host\",\"functions_emulator_port\",\"functions_emulator_host\"],\"joinArgs\":false}"}}
[info] i  database: Database Emulator logging to database-debug.log {"metadata":{"emulator":{"name":"database"},"message":"Database Emulator logging to \u001b[1mdatabase-debug.log\u001b[22m"}}
[debug] [2020-05-28T20:28:46.021Z] WARNING: An illegal reflective access operation has occurred
WARNING: Illegal reflective access by io.netty.util.internal.ReflectionUtil (file:/Users/bsmerbeck/.cache/firebase/emulators/firebase-database-emulator-v4.5.0.jar) to field sun.nio.ch.SelectorImpl.selectedKeys
WARNING: Please consider reporting this to the maintainers of io.netty.util.internal.ReflectionUtil
WARNING: Use --illegal-access=warn to enable warnings of further illegal reflective access operations
WARNING: All illegal access operations will be denied in a future release
 {"metadata":{"emulator":{"name":"database"},"message":"WARNING: An illegal reflective access operation has occurred\nWARNING: Illegal reflective access by io.netty.util.internal.ReflectionUtil (file:/Users/bsmerbeck/.cache/firebase/emulators/firebase-database-emulator-v4.5.0.jar) to field sun.nio.ch.SelectorImpl.selectedKeys\nWARNING: Please consider reporting this to the maintainers of io.netty.util.internal.ReflectionUtil\nWARNING: Use --illegal-access=warn to enable warnings of further illegal reflective access operations\nWARNING: All illegal access operations will be denied in a future release\n"}}
[debug] [2020-05-28T20:28:46.707Z] 16:28:46.705 [NamespaceSystem-akka.actor.default-dispatcher-4] INFO akka.event.slf4j.Slf4jLogger - Slf4jLogger started
 {"metadata":{"emulator":{"name":"database"},"message":"16:28:46.705 [NamespaceSystem-akka.actor.default-dispatcher-4] INFO akka.event.slf4j.Slf4jLogger - Slf4jLogger started\n"}}
[debug] [2020-05-28T20:28:46.863Z] 16:28:46.862 [main] INFO com.firebase.server.forge.App$ - Listening at localhost:9000
 {"metadata":{"emulator":{"name":"database"},"message":"16:28:46.862 [main] INFO com.firebase.server.forge.App$ - Listening at localhost:9000\n"}}
[debug] [2020-05-28T20:28:46.942Z] >>> HTTP REQUEST GET https://firebase.googleapis.com/v1beta1/projects/smash-tracker-f97b7/webApps/-/config  
 
[debug] [2020-05-28T20:28:47.366Z] <<< HTTP RESPONSE 200 {"content-type":"application/json; charset=UTF-8","vary":"X-Origin, Referer, Origin,Accept-Encoding","date":"Thu, 28 May 2020 20:28:47 GMT","server":"ESF","cache-control":"private","x-xss-protection":"0","x-frame-options":"SAMEORIGIN","x-content-type-options":"nosniff","alt-svc":"h3-27=\":443\"; ma=2592000,h3-25=\":443\"; ma=2592000,h3-T050=\":443\"; ma=2592000,h3-Q050=\":443\"; ma=2592000,h3-Q049=\":443\"; ma=2592000,h3-Q048=\":443\"; ma=2592000,h3-Q046=\":443\"; ma=2592000,h3-Q043=\":443\"; ma=2592000,quic=\":443\"; ma=2592000; v=\"46,43\"","accept-ranges":"none","transfer-encoding":"chunked"}
[info] i  hosting: Serving hosting files from: build {"metadata":{"emulator":{"name":"hosting"},"message":"Serving hosting files from: \u001b[1mbuild\u001b[22m"}}
[info] ✔  hosting: Local server: http://localhost:5000 {"metadata":{"emulator":{"name":"hosting"},"message":"Local server: \u001b[4m\u001b[1mhttp://localhost:5000\u001b[22m\u001b[24m"}}
[debug] [2020-05-28T20:28:47.401Z] Ignoring unsupported arg: auto_download {"metadata":{"emulator":{"name":"ui"},"message":"Ignoring unsupported arg: auto_download"}}
[debug] [2020-05-28T20:28:47.402Z] Ignoring unsupported arg: port {"metadata":{"emulator":{"name":"ui"},"message":"Ignoring unsupported arg: port"}}
[debug] [2020-05-28T20:28:47.402Z] Starting Emulator UI with command {"binary":"node","args":["/Users/bsmerbeck/.cache/firebase/emulators/ui-v1.0.0/server.bundle.js"],"optionalArgs":[],"joinArgs":false} {"metadata":{"emulator":{"name":"ui"},"message":"Starting Emulator UI with command {\"binary\":\"node\",\"args\":[\"/Users/bsmerbeck/.cache/firebase/emulators/ui-v1.0.0/server.bundle.js\"],\"optionalArgs\":[],\"joinArgs\":false}"}}
[info] i  ui: Emulator UI logging to ui-debug.log {"metadata":{"emulator":{"name":"ui"},"message":"Emulator UI logging to \u001b[1mui-debug.log\u001b[22m"}}
[debug] [2020-05-28T20:28:47.492Z] Web / API server started at http://localhost:4000
 {"metadata":{"emulator":{"name":"ui"},"message":"Web / API server started at http://localhost:4000\n"}}
[info] i  functions: Watching "/Users/bsmerbeck/git/smash-tracker/functions" for Cloud Functions... {"metadata":{"emulator":{"name":"functions"},"message":"Watching \"/Users/bsmerbeck/git/smash-tracker/functions\" for Cloud Functions..."}}
[debug] [2020-05-28T20:28:47.674Z] [worker-pool] addWorker(~diagnostic~) {"metadata":{"emulator":{"name":"functions"},"message":"[worker-pool] addWorker(~diagnostic~)"}}
[debug] [2020-05-28T20:28:47.674Z] [worker-pool] Adding worker with key ~diagnostic~, total=1 {"metadata":{"emulator":{"name":"functions"},"message":"[worker-pool] Adding worker with key ~diagnostic~, total=1"}}
[debug] [2020-05-28T20:28:47.674Z] [worker-pool] submitWork(triggerId=) {"metadata":{"emulator":{"name":"functions"},"message":"[worker-pool] submitWork(triggerId=)"}}
[debug] [2020-05-28T20:28:47.675Z] [worker-~diagnostic~-20bfdd85-0eef-48cd-bd5e-9e2d0df00a75]: Assigning socketPath: /var/folders/fp/4525pddd1914f59bjtqqmf800000gn/T/fire_emu_93711.sock {"metadata":{"emulator":{"name":"functions"},"message":"[worker-~diagnostic~-20bfdd85-0eef-48cd-bd5e-9e2d0df00a75]: Assigning socketPath: /var/folders/fp/4525pddd1914f59bjtqqmf800000gn/T/fire_emu_93711.sock"}}
[debug] [2020-05-28T20:28:47.675Z] [worker-~diagnostic~-20bfdd85-0eef-48cd-bd5e-9e2d0df00a75]: BUSY {"metadata":{"emulator":{"name":"functions"},"message":"[worker-~diagnostic~-20bfdd85-0eef-48cd-bd5e-9e2d0df00a75]: BUSY"}}
[debug] [2020-05-28T20:28:47.894Z] [runtime-status] [93711] Functions runtime initialized. {"cwd":"/Users/bsmerbeck/git/smash-tracker/functions","node_version":"14.3.0"} {"metadata":{"emulator":{"name":"functions"},"message":"[runtime-status] [93711] Functions runtime initialized. {\"cwd\":\"/Users/bsmerbeck/git/smash-tracker/functions\",\"node_version\":\"14.3.0\"}"}}
[debug] [2020-05-28T20:28:47.894Z] [runtime-status] [93711] Disabled runtime features: undefined {"metadata":{"emulator":{"name":"functions"},"message":"[runtime-status] [93711] Disabled runtime features: undefined"}}
[debug] [2020-05-28T20:28:47.896Z] [runtime-status] [93711] Resolved module firebase-admin {"declared":true,"installed":true,"version":"8.12.1","resolution":"/Users/bsmerbeck/git/smash-tracker/functions/node_modules/firebase-admin/lib/index.js"} {"metadata":{"emulator":{"name":"functions"},"message":"[runtime-status] [93711] Resolved module firebase-admin {\"declared\":true,\"installed\":true,\"version\":\"8.12.1\",\"resolution\":\"/Users/bsmerbeck/git/smash-tracker/functions/node_modules/firebase-admin/lib/index.js\"}"}}
[debug] [2020-05-28T20:28:47.897Z] [runtime-status] [93711] Resolved module firebase-functions {"declared":true,"installed":true,"version":"3.6.2","resolution":"/Users/bsmerbeck/git/smash-tracker/functions/node_modules/firebase-functions/lib/index.js"} {"metadata":{"emulator":{"name":"functions"},"message":"[runtime-status] [93711] Resolved module firebase-functions {\"declared\":true,\"installed\":true,\"version\":\"3.6.2\",\"resolution\":\"/Users/bsmerbeck/git/smash-tracker/functions/node_modules/firebase-functions/lib/index.js\"}"}}
[debug] [2020-05-28T20:28:47.897Z] [runtime-status] [93711] Found local functions config: /Users/bsmerbeck/git/smash-tracker/functions/.runtimeconfig.json {"metadata":{"emulator":{"name":"functions"},"message":"[runtime-status] [93711] Found local functions config: /Users/bsmerbeck/git/smash-tracker/functions/.runtimeconfig.json"}}
[debug] [2020-05-28T20:28:47.899Z] [runtime-status] [93711] Outgoing network have been stubbed. [{"name":"http","status":"mocked"},{"name":"http","status":"mocked"},{"name":"https","status":"mocked"},{"name":"https","status":"mocked"},{"name":"net","status":"mocked"}] {"metadata":{"emulator":{"name":"functions"},"message":"[runtime-status] [93711] Outgoing network have been stubbed. [{\"name\":\"http\",\"status\":\"mocked\"},{\"name\":\"http\",\"status\":\"mocked\"},{\"name\":\"https\",\"status\":\"mocked\"},{\"name\":\"https\",\"status\":\"mocked\"},{\"name\":\"net\",\"status\":\"mocked\"}]"}}
[debug] [2020-05-28T20:28:47.922Z] [runtime-status] [93711] Checked functions.config() {"config":{}} {"metadata":{"emulator":{"name":"functions"},"message":"[runtime-status] [93711] Checked functions.config() {\"config\":{}}"}}
[debug] [2020-05-28T20:28:47.922Z] [runtime-status] [93711] Error in handleMessage: {"frb":{"cwd":"/Users/bsmerbeck/git/smash-tracker/functions","projectId":"smash-tracker-f97b7","triggerId":"","emulators":{"database":{"host":"localhost","port":9000}},"socketPath":"/var/folders/fp/4525pddd1914f59bjtqqmf800000gn/T/fire_emu_93711.sock"},"opts":{"nodeBinary":"/Users/bsmerbeck/.nvm/versions/node/v14.3.0/bin/node"}} => TypeError: Cannot set property config of #<Object> which has only a getter: TypeError: Cannot set property config of #<Object> which has only a getter
    at /Users/bsmerbeck/.config/yarn/global/node_modules/firebase-tools/lib/emulator/functionsEmulatorRuntime.js:455:19
    at Generator.next (<anonymous>)
    at fulfilled (/Users/bsmerbeck/.config/yarn/global/node_modules/firebase-tools/lib/emulator/functionsEmulatorRuntime.js:5:58)
    at processTicksAndRejections (internal/process/task_queues.js:97:5) {"metadata":{"emulator":{"name":"functions"},"message":"[runtime-status] [93711] Error in handleMessage: {\"frb\":{\"cwd\":\"/Users/bsmerbeck/git/smash-tracker/functions\",\"projectId\":\"smash-tracker-f97b7\",\"triggerId\":\"\",\"emulators\":{\"database\":{\"host\":\"localhost\",\"port\":9000}},\"socketPath\":\"/var/folders/fp/4525pddd1914f59bjtqqmf800000gn/T/fire_emu_93711.sock\"},\"opts\":{\"nodeBinary\":\"/Users/bsmerbeck/.nvm/versions/node/v14.3.0/bin/node\"}} => TypeError: Cannot set property config of #<Object> which has only a getter: TypeError: Cannot set property config of #<Object> which has only a getter\n    at /Users/bsmerbeck/.config/yarn/global/node_modules/firebase-tools/lib/emulator/functionsEmulatorRuntime.js:455:19\n    at Generator.next (<anonymous>)\n    at fulfilled (/Users/bsmerbeck/.config/yarn/global/node_modules/firebase-tools/lib/emulator/functionsEmulatorRuntime.js:5:58)\n    at processTicksAndRejections (internal/process/task_queues.js:97:5)"}}
[warn] ⚠  functions: Cannot set property config of #<Object> which has only a getter {"metadata":{"emulator":{"name":"functions"},"message":"Cannot set property config of #<Object> which has only a getter"}}
[warn] ⚠  Your function was killed because it raised an unhandled error. {"metadata":{"emulator":{"name":"functions"},"message":"Your function was killed because it raised an unhandled error."}}
[debug] [2020-05-28T20:28:47.927Z] [worker-~diagnostic~-20bfdd85-0eef-48cd-bd5e-9e2d0df00a75]: exited {"metadata":{"emulator":{"name":"functions"},"message":"[worker-~diagnostic~-20bfdd85-0eef-48cd-bd5e-9e2d0df00a75]: exited"}}
[debug] [2020-05-28T20:28:47.927Z] [worker-~diagnostic~-20bfdd85-0eef-48cd-bd5e-9e2d0df00a75]: FINISHED {"metadata":{"emulator":{"name":"functions"},"message":"[worker-~diagnostic~-20bfdd85-0eef-48cd-bd5e-9e2d0df00a75]: FINISHED"}}
